c:\users\student\documents\visual studio 2015\projects\actiongame\debug\vc140.pdb
c:\users\student\documents\visual studio 2015\projects\actiongame\debug\vc140.idb
c:\users\student\documents\visual studio 2015\projects\actiongame\debug\bg.obj
c:\users\student\documents\visual studio 2015\projects\actiongame\debug\block.obj
c:\users\student\documents\visual studio 2015\projects\actiongame\debug\game.obj
c:\users\student\documents\visual studio 2015\projects\actiongame\debug\input.obj
c:\users\student\documents\visual studio 2015\projects\actiongame\debug\item.obj
c:\users\student\documents\visual studio 2015\projects\actiongame\debug\main.obj
c:\users\student\documents\visual studio 2015\projects\actiongame\debug\player.obj
c:\users\student\documents\visual studio 2015\projects\actiongame\debug\result.obj
c:\users\student\documents\visual studio 2015\projects\actiongame\debug\title.obj
c:\users\student\documents\visual studio 2015\projects\actiongame\debug\sound.obj
c:\users\student\documents\visual studio 2015\projects\actiongame\debug\score.obj
c:\users\student\documents\visual studio 2015\projects\actiongame\debug\time.obj
c:\users\student\documents\visual studio 2015\projects\actiongame\debug\explosion.obj
c:\users\student\documents\visual studio 2015\projects\actiongame\debug\player.obj.enc
c:\users\student\documents\visual studio 2015\projects\actiongame\actiongame.pdb
c:\users\student\documents\visual studio 2015\projects\actiongame\debug\actiongame.tlog\cl.command.1.tlog
c:\users\student\documents\visual studio 2015\projects\actiongame\debug\actiongame.tlog\cl.read.1.tlog
c:\users\student\documents\visual studio 2015\projects\actiongame\debug\actiongame.tlog\cl.write.1.tlog
c:\users\student\documents\visual studio 2015\projects\actiongame\debug\actiongame.tlog\link-cvtres.read.1.tlog
c:\users\student\documents\visual studio 2015\projects\actiongame\debug\actiongame.tlog\link-cvtres.write.1.tlog
c:\users\student\documents\visual studio 2015\projects\actiongame\debug\actiongame.tlog\link-rc.read.1.tlog
c:\users\student\documents\visual studio 2015\projects\actiongame\debug\actiongame.tlog\link-rc.write.1.tlog
c:\users\student\documents\visual studio 2015\projects\actiongame\debug\actiongame.tlog\link.4992-cvtres.read.1.tlog
c:\users\student\documents\visual studio 2015\projects\actiongame\debug\actiongame.tlog\link.4992-cvtres.write.1.tlog
c:\users\student\documents\visual studio 2015\projects\actiongame\debug\actiongame.tlog\link.4992-rc.read.1.tlog
c:\users\student\documents\visual studio 2015\projects\actiongame\debug\actiongame.tlog\link.4992-rc.write.1.tlog
c:\users\student\documents\visual studio 2015\projects\actiongame\debug\actiongame.tlog\link.4992.read.1.tlog
c:\users\student\documents\visual studio 2015\projects\actiongame\debug\actiongame.tlog\link.4992.write.1.tlog
c:\users\student\documents\visual studio 2015\projects\actiongame\debug\actiongame.tlog\link.command.1.tlog
c:\users\student\documents\visual studio 2015\projects\actiongame\debug\actiongame.tlog\link.read.1.tlog
c:\users\student\documents\visual studio 2015\projects\actiongame\debug\actiongame.tlog\link.write.1.tlog
